Log file open, 08/29/18 18:42:24
LogWindows: Failed to load 'aqProf.dll' (GetLastError=126)
LogWindows: File 'aqProf.dll' does not exist
LogWindows: Failed to load 'VtuneApi.dll' (GetLastError=126)
LogWindows: File 'VtuneApi.dll' does not exist
LogWindows: Failed to load 'VtuneApi32e.dll' (GetLastError=126)
LogWindows: File 'VtuneApi32e.dll' does not exist
LogInit: Display: Running engine for game: AR_ap_2_003
LogPlatformFile: Not using cached read wrapper
LogInit: Display: RandInit(1075227735) SRandInit(1075227735).
LogInit: Read version file with build ID '3709383'
LogInit: Overriding engine version to CL 3832480, compatible CL 3709383
LogInit: Registered custom module enumerator with build ID '3709383'
LogTaskGraph: Started task graph with 5 named threads and 14 total threads with 3 sets of task threads.
LogStats: Stats thread started at 0.217049
LogD3D11RHI: Aftermath initialized
LogModuleManager: Display: Found up-to-date module file ../../../Engine/Plugins/2D/Paper2D/Binaries/Win64/UE4Editor-Paper2D.dll (API version 3709383).
LogModuleManager: Display: Found up-to-date module file ../../../Engine/Plugins/2D/Paper2D/Binaries/Win64/UE4Editor-Paper2DEditor.dll (API version 3709383).
LogModuleManager: Display: Found up-to-date module file ../../../Engine/Plugins/2D/Paper2D/Binaries/Win64/UE4Editor-PaperSpriteSheetImporter.dll (API version 3709383).
LogModuleManager: Display: Found up-to-date module file ../../../Engine/Plugins/2D/Paper2D/Binaries/Win64/UE4Editor-PaperTiledImporter.dll (API version 3709383).
LogModuleManager: Display: Found up-to-date module file ../../../Engine/Plugins/2D/Paper2D/Binaries/Win64/UE4Editor-SmartSnapping.dll (API version 3709383).
LogModuleManager: Display: Found up-to-date module file ../../../Engine/Plugins/Blendables/LightPropagationVolume/Binaries/Win64/UE4Editor-LightPropagationVolumeRuntime.dll (API version 3709383).
LogModuleManager: Display: Found up-to-date module file ../../../Engine/Plugins/Blendables/LightPropagationVolume/Binaries/Win64/UE4Editor-LightPropagationVolumeEditor.dll (API version 3709383).
LogModuleManager: Display: Found up-to-date module file ../../../Engine/Plugins/Developer/GitSourceControl/Binaries/Win64/UE4Editor-GitSourceControl.dll (API version 3709383).
LogModuleManager: Display: Found up-to-date module file ../../../Engine/Plugins/Developer/PerforceSourceControl/Binaries/Win64/UE4Editor-PerforceSourceControl.dll (API version 3709383).
LogModuleManager: Display: Found up-to-date module file ../../../Engine/Plugins/Developer/SubversionSourceControl/Binaries/Win64/UE4Editor-SubversionSourceControl.dll (API version 3709383).
LogModuleManager: Display: Found up-to-date module file ../../../Engine/Plugins/Developer/UObjectPlugin/Binaries/Win64/UE4Editor-UObjectPlugin.dll (API version 3709383).
LogModuleManager: Display: Found up-to-date module file ../../../Engine/Plugins/Developer/VisualStudioCodeSourceCodeAccess/Binaries/Win64/UE4Editor-VisualStudioCodeSourceCodeAccess.dll (API version 3709383).
LogModuleManager: Display: Found up-to-date module file ../../../Engine/Plugins/Developer/VisualStudioSourceCodeAccess/Binaries/Win64/UE4Editor-VisualStudioSourceCodeAccess.dll (API version 3709383).
LogModuleManager: Display: Found up-to-date module file ../../../Engine/Plugins/Editor/AssetManagerEditor/Binaries/Win64/UE4Editor-AssetManagerEditor.dll (API version 3709383).
LogModuleManager: Display: Found up-to-date module file ../../../Engine/Plugins/Editor/AudioCapture/Binaries/Win64/UE4Editor-AudioCapture.dll (API version 3709383).
LogModuleManager: Display: Found up-to-date module file ../../../Engine/Plugins/Editor/FacialAnimation/Binaries/Win64/UE4Editor-FacialAnimation.dll (API version 3709383).
LogModuleManager: Display: Found up-to-date module file ../../../Engine/Plugins/Editor/FacialAnimation/Binaries/Win64/UE4Editor-FacialAnimationEditor.dll (API version 3709383).
LogModuleManager: Display: Found up-to-date module file ../../../Engine/Plugins/Editor/GameplayTagsEditor/Binaries/Win64/UE4Editor-GameplayTagsEditor.dll (API version 3709383).
LogModuleManager: Display: Found up-to-date module file ../../../Engine/Plugins/Editor/MobileLauncherProfileWizard/Binaries/Win64/UE4Editor-MobileLauncherProfileWizard.dll (API version 3709383).
LogModuleManager: Display: Found up-to-date module file ../../../Engine/Plugins/Editor/PluginBrowser/Binaries/Win64/UE4Editor-PluginBrowser.dll (API version 3709383).
LogModuleManager: Display: Found up-to-date module file ../../../Engine/Plugins/Editor/SpeedTreeImporter/Binaries/Win64/UE4Editor-SpeedTreeImporter.dll (API version 3709383).
LogModuleManager: Display: Found up-to-date module file ../../../Engine/Plugins/Experimental/AlembicImporter/Binaries/Win64/UE4Editor-AlembicImporter.dll (API version 3709383).
LogModuleManager: Display: Found up-to-date module file ../../../Engine/Plugins/Experimental/AlembicImporter/Binaries/Win64/UE4Editor-AlembicLibrary.dll (API version 3709383).
LogModuleManager: Display: Found up-to-date module file ../../../Engine/Plugins/Experimental/CharacterAI/Binaries/Win64/UE4Editor-CharacterAI.dll (API version 3709383).
LogModuleManager: Display: Found up-to-date module file ../../../Engine/Plugins/Experimental/HTML5Networking/Binaries/Win64/UE4Editor-HTML5Networking.dll (API version 3709383).
LogModuleManager: Display: Found up-to-date module file ../../../Engine/Plugins/Media/AndroidMedia/Binaries/Win64/UE4Editor-AndroidMediaEditor.dll (API version 3709383).
LogModuleManager: Display: Found up-to-date module file ../../../Engine/Plugins/Media/AndroidMedia/Binaries/Win64/UE4Editor-AndroidMediaFactory.dll (API version 3709383).
LogModuleManager: Display: Found up-to-date module file ../../../Engine/Plugins/Media/AvfMedia/Binaries/Win64/UE4Editor-AvfMediaEditor.dll (API version 3709383).
LogModuleManager: Display: Found up-to-date module file ../../../Engine/Plugins/Media/AvfMedia/Binaries/Win64/UE4Editor-AvfMediaFactory.dll (API version 3709383).
LogModuleManager: Display: Found up-to-date module file ../../../Engine/Plugins/Media/AvfMedia/Binaries/Win64/UE4Editor-AvfMediaFactory.dll (API version 3709383).
LogModuleManager: Display: Found up-to-date module file ../../../Engine/Plugins/Media/ImgMedia/Binaries/Win64/UE4Editor-ImgMedia.dll (API version 3709383).
LogModuleManager: Display: Found up-to-date module file ../../../Engine/Plugins/Media/ImgMedia/Binaries/Win64/UE4Editor-ImgMediaEditor.dll (API version 3709383).
LogModuleManager: Display: Found up-to-date module file ../../../Engine/Plugins/Media/ImgMedia/Binaries/Win64/UE4Editor-ImgMediaFactory.dll (API version 3709383).
LogModuleManager: Display: Found up-to-date module file ../../../Engine/Plugins/Media/ImgMedia/Binaries/Win64/UE4Editor-ImgMediaFactory.dll (API version 3709383).
LogModuleManager: Display: Found up-to-date module file ../../../Engine/Plugins/Media/ImgMedia/Binaries/Win64/UE4Editor-OpenExrWrapper.dll (API version 3709383).
LogModuleManager: Display: Found up-to-date module file ../../../Engine/Plugins/Media/MediaCompositing/Binaries/Win64/UE4Editor-MediaCompositing.dll (API version 3709383).
LogModuleManager: Display: Found up-to-date module file ../../../Engine/Plugins/Media/MediaCompositing/Binaries/Win64/UE4Editor-MediaCompositingEditor.dll (API version 3709383).
LogModuleManager: Display: Found up-to-date module file ../../../Engine/Plugins/Media/MediaPlayerEditor/Binaries/Win64/UE4Editor-MediaPlayerEditor.dll (API version 3709383).
LogModuleManager: Display: Found up-to-date module file ../../../Engine/Plugins/Media/WmfMedia/Binaries/Win64/UE4Editor-WmfMedia.dll (API version 3709383).
LogModuleManager: Display: Found up-to-date module file ../../../Engine/Plugins/Media/WmfMedia/Binaries/Win64/UE4Editor-WmfMediaEditor.dll (API version 3709383).
LogModuleManager: Display: Found up-to-date module file ../../../Engine/Plugins/Media/WmfMedia/Binaries/Win64/UE4Editor-WmfMediaFactory.dll (API version 3709383).
LogModuleManager: Display: Found up-to-date module file ../../../Engine/Plugins/Media/WmfMedia/Binaries/Win64/UE4Editor-WmfMediaFactory.dll (API version 3709383).
LogModuleManager: Display: Found up-to-date module file ../../../Engine/Plugins/Messaging/TcpMessaging/Binaries/Win64/UE4Editor-TcpMessaging.dll (API version 3709383).
LogModuleManager: Display: Found up-to-date module file ../../../Engine/Plugins/Messaging/UdpMessaging/Binaries/Win64/UE4Editor-UdpMessaging.dll (API version 3709383).
LogModuleManager: Display: Found up-to-date module file ../../../Engine/Plugins/MovieScene/ActorSequence/Binaries/Win64/UE4Editor-ActorSequence.dll (API version 3709383).
LogModuleManager: Display: Found up-to-date module file ../../../Engine/Plugins/MovieScene/LevelSequenceEditor/Binaries/Win64/UE4Editor-LevelSequenceEditor.dll (API version 3709383).
LogModuleManager: Display: Found up-to-date module file ../../../Engine/Plugins/MovieScene/MatineeToLevelSequence/Binaries/Win64/UE4Editor-MatineeToLevelSequence.dll (API version 3709383).
LogModuleManager: Display: Found up-to-date module file ../../../Engine/Plugins/Online/OnlineSubsystem/Binaries/Win64/UE4Editor-OnlineSubsystem.dll (API version 3709383).
LogModuleManager: Display: Found up-to-date module file ../../../Engine/Plugins/Runtime/AndroidPermission/Binaries/Win64/UE4Editor-AndroidPermission.dll (API version 3709383).
LogModuleManager: Display: Found up-to-date module file ../../../Engine/Plugins/Online/OnlineSubsystemNull/Binaries/Win64/UE4Editor-OnlineSubsystemNull.dll (API version 3709383).
LogModuleManager: Display: Found up-to-date module file ../../../Engine/Plugins/Online/OnlineSubsystemUtils/Binaries/Win64/UE4Editor-OnlineSubsystemUtils.dll (API version 3709383).
LogModuleManager: Display: Found up-to-date module file ../../../Engine/Plugins/Online/OnlineSubsystemUtils/Binaries/Win64/UE4Editor-OnlineBlueprintSupport.dll (API version 3709383).
LogModuleManager: Display: Found up-to-date module file ../../../Engine/Plugins/Runtime/AndroidDeviceProfileSelector/Binaries/Win64/UE4Editor-AndroidDeviceProfileSelector.dll (API version 3709383).
LogModuleManager: Display: Found up-to-date module file ../../../Engine/Plugins/Runtime/AppleARKit/Binaries/Win64/UE4Editor-AppleARKit.dll (API version 3709383).
LogModuleManager: Display: Found up-to-date module file ../../../Engine/Plugins/Runtime/ArchVisCharacter/Binaries/Win64/UE4Editor-ArchVisCharacter.dll (API version 3709383).
LogModuleManager: Display: Found up-to-date module file ../../../Engine/Plugins/Runtime/CableComponent/Binaries/Win64/UE4Editor-CableComponent.dll (API version 3709383).
LogModuleManager: Display: Found up-to-date module file ../../../Engine/Plugins/Runtime/CustomMeshComponent/Binaries/Win64/UE4Editor-CustomMeshComponent.dll (API version 3709383).
LogModuleManager: Display: Found up-to-date module file ../../../Engine/Plugins/Runtime/ExampleDeviceProfileSelector/Binaries/Win64/UE4Editor-ExampleDeviceProfileSelector.dll (API version 3709383).
LogModuleManager: Display: Found up-to-date module file ../../../Engine/Plugins/Runtime/ImmediatePhysics/Binaries/Win64/UE4Editor-ImmediatePhysics.dll (API version 3709383).
LogModuleManager: Display: Found up-to-date module file ../../../Engine/Plugins/Runtime/ImmediatePhysics/Binaries/Win64/UE4Editor-ImmediatePhysicsEditor.dll (API version 3709383).
LogModuleManager: Display: Found up-to-date module file ../../../Engine/Plugins/Runtime/LocationServicesBPLibrary/Binaries/Win64/UE4Editor-LocationServicesBPLibrary.dll (API version 3709383).
LogModuleManager: Display: Found up-to-date module file ../../../Engine/Plugins/Runtime/MobilePatchingUtils/Binaries/Win64/UE4Editor-MobilePatchingUtils.dll (API version 3709383).
LogModuleManager: Display: Found up-to-date module file ../../../Engine/Plugins/Runtime/Oculus/OculusVR/Binaries/Win64/UE4Editor-OculusHMD.dll (API version 3709383).
LogModuleManager: Display: Found up-to-date module file ../../../Engine/Plugins/Runtime/Oculus/OculusVR/Binaries/Win64/UE4Editor-OculusInput.dll (API version 3709383).
LogModuleManager: Display: Found up-to-date module file ../../../Engine/Plugins/Runtime/Oculus/OculusVR/Binaries/Win64/UE4Editor-OculusEditor.dll (API version 3709383).
LogModuleManager: Display: Found up-to-date module file ../../../Engine/Plugins/Runtime/PhysXVehicles/Binaries/Win64/UE4Editor-PhysXVehicles.dll (API version 3709383).
LogModuleManager: Display: Found up-to-date module file ../../../Engine/Plugins/Runtime/PhysXVehicles/Binaries/Win64/UE4Editor-PhysXVehiclesEditor.dll (API version 3709383).
LogModuleManager: Display: Found up-to-date module file ../../../Engine/Plugins/Runtime/ProceduralMeshComponent/Binaries/Win64/UE4Editor-ProceduralMeshComponent.dll (API version 3709383).
LogModuleManager: Display: Found up-to-date module file ../../../Engine/Plugins/Runtime/ProceduralMeshComponent/Binaries/Win64/UE4Editor-ProceduralMeshComponentEditor.dll (API version 3709383).
LogModuleManager: Display: Found up-to-date module file ../../../Engine/Plugins/Runtime/RuntimePhysXCooking/Binaries/Win64/UE4Editor-RuntimePhysXCooking.dll (API version 3709383).
LogModuleManager: Display: Found up-to-date module file ../../../Engine/Plugins/Runtime/Steam/SteamVR/Binaries/Win64/UE4Editor-SteamVR.dll (API version 3709383).
LogModuleManager: Display: Found up-to-date module file ../../../Engine/Plugins/Runtime/Steam/SteamVR/Binaries/Win64/UE4Editor-SteamVRController.dll (API version 3709383).
LogModuleManager: Display: Found up-to-date module file ../../../Engine/Plugins/Runtime/WindowsMoviePlayer/Binaries/Win64/UE4Editor-WindowsMoviePlayer.dll (API version 3709383).
LogPluginManager: Mounting plugin Paper2D
LogPluginManager: Mounting plugin LightPropagationVolume
LogPluginManager: Mounting plugin CodeLiteSourceCodeAccess
LogPluginManager: Mounting plugin GitSourceControl
LogPluginManager: Mounting plugin KDevelopSourceCodeAccess
LogPluginManager: Mounting plugin NullSourceCodeAccess
LogPluginManager: Mounting plugin PerforceSourceControl
LogPluginManager: Mounting plugin SubversionSourceControl
LogPluginManager: Mounting plugin UObjectPlugin
LogPluginManager: Mounting plugin VisualStudioCodeSourceCodeAccess
LogPluginManager: Mounting plugin VisualStudioSourceCodeAccess
LogPluginManager: Mounting plugin XCodeSourceCodeAccess
LogPluginManager: Mounting plugin AssetManagerEditor
LogPluginManager: Mounting plugin AudioCapture
LogPluginManager: Mounting plugin FacialAnimation
LogPluginManager: Mounting plugin GameplayTagsEditor
LogPluginManager: Mounting plugin MobileLauncherProfileWizard
LogPluginManager: Mounting plugin PluginBrowser
LogPluginManager: Mounting plugin SpeedTreeImporter
LogPluginManager: Mounting plugin AlembicImporter
LogPluginManager: Mounting plugin CharacterAI
LogPluginManager: Mounting plugin HTML5Networking
LogPluginManager: Mounting plugin AndroidMedia
LogPluginManager: Mounting plugin AvfMedia
LogPluginManager: Mounting plugin ImgMedia
LogPluginManager: Mounting plugin MediaCompositing
LogPluginManager: Mounting plugin MediaPlayerEditor
LogPluginManager: Mounting plugin WmfMedia
LogPluginManager: Mounting plugin TcpMessaging
LogPluginManager: Mounting plugin UdpMessaging
LogPluginManager: Mounting plugin ActorSequence
LogPluginManager: Mounting plugin LevelSequenceEditor
LogPluginManager: Mounting plugin MatineeToLevelSequence
LogPluginManager: Mounting plugin OnlineSubsystemGooglePlay
LogPluginManager: Mounting plugin OnlineSubsystemIOS
LogPluginManager: Mounting plugin OnlineSubsystem
LogPluginManager: Mounting plugin OnlineSubsystemNull
LogPluginManager: Mounting plugin OnlineSubsystemUtils
LogPluginManager: Mounting plugin AndroidDeviceProfileSelector
LogPluginManager: Mounting plugin AndroidMoviePlayer
LogPluginManager: Mounting plugin AndroidPermission
LogPluginManager: Mounting plugin AppleARKit
LogPluginManager: Mounting plugin AppleMoviePlayer
LogPluginManager: Mounting plugin ArchVisCharacter
LogPluginManager: Mounting plugin CableComponent
LogPluginManager: Mounting plugin CustomMeshComponent
LogPluginManager: Mounting plugin ExampleDeviceProfileSelector
LogPluginManager: Mounting plugin GoogleCloudMessaging
LogPluginManager: Mounting plugin ImmediatePhysics
LogPluginManager: Mounting plugin IOSDeviceProfileSelector
LogPluginManager: Mounting plugin LinuxDeviceProfileSelector
LogPluginManager: Mounting plugin LocationServicesBPLibrary
LogPluginManager: Mounting plugin MobilePatchingUtils
LogPluginManager: Mounting plugin OculusVR
LogPluginManager: Plugin shader directory ../../../Engine/Plugins/Runtime/Oculus/OculusVR/Shaders found
LogPluginManager: Mapping shader source directory ../../../Engine/Plugins/Runtime/Oculus/OculusVR/Shaders to virtual directory /Plugin/OculusVR
LogPluginManager: Mounting plugin PhysXVehicles
LogPluginManager: Mounting plugin ProceduralMeshComponent
LogPluginManager: Mounting plugin RuntimePhysXCooking
LogPluginManager: Mounting plugin SteamVR
LogPluginManager: Mounting plugin WindowsMoviePlayer
LogInit: Using libcurl 7.47.1
LogInit:  - built for x86_64-pc-win32
LogInit:  - supports SSL with OpenSSL/1.0.2g
LogInit:  - supports HTTP deflate (compression) using libz 1.2.8
LogInit:  - other features:
LogInit:      CURL_VERSION_SSL
LogInit:      CURL_VERSION_LIBZ
LogInit:      CURL_VERSION_IPV6
LogInit:      CURL_VERSION_ASYNCHDNS
LogInit:      CURL_VERSION_LARGEFILE
LogInit:      CURL_VERSION_IDN
LogInit:  CurlRequestOptions (configurable via config and command line):
LogInit:  - bVerifyPeer = false  - Libcurl will NOT verify peer certificate
LogInit:  - bUseHttpProxy = false  - Libcurl will NOT use HTTP proxy
LogInit:  - bDontReuseConnections = false  - Libcurl will reuse connections
LogInit:  - CertBundlePath = nullptr  - Libcurl will use whatever was configured at build time.
LogInit: Build: ++UE4+Release-4.18-CL-3832480
LogInit: Engine Version: 4.18.3-3832480+++UE4+Release-4.18
LogInit: Compatible Engine Version: 4.18.0-3709383+++UE4+Release-4.18
LogInit: Net CL: 3709383
LogDevObjectVersion: Number of dev versions registered: 16
LogDevObjectVersion:   Dev-Blueprints (B0D832E4-1F89-4F0D-ACCF-7EB736FD4AA2): 10
LogDevObjectVersion:   Dev-Build (E1C64328-A22C-4D53-A36C-8E866417BD8C): 0
LogDevObjectVersion:   Dev-Core (375EC13C-06E4-48FB-B500-84F0262A717E): 2
LogDevObjectVersion:   Dev-Editor (E4B068ED-F494-42E9-A231-DA0B2E46BB41): 20
LogDevObjectVersion:   Dev-Framework (CFFC743F-43B0-4480-9391-14DF171D2073): 30
LogDevObjectVersion:   Dev-Mobile (B02B49B5-BB20-44E9-A304-32B752E40360): 0
LogDevObjectVersion:   Dev-Networking (A4E4105C-59A1-49B5-A7C5-40C4547EDFEE): 0
LogDevObjectVersion:   Dev-Online (39C831C9-5AE6-47DC-9A44-9C173E1C8E7C): 0
LogDevObjectVersion:   Dev-Physics (78F01B33-EBEA-4F98-B9B4-84EACCB95AA2): 0
LogDevObjectVersion:   Dev-Platform (6631380F-2D4D-43E0-8009-CF276956A95A): 0
LogDevObjectVersion:   Dev-Rendering (12F88B9F-8875-4AFC-A67C-D90C383ABD29): 20
LogDevObjectVersion:   Dev-Sequencer (7B5AE74C-D270-4C10-A958-57980B212A5A): 4
LogDevObjectVersion:   Dev-VR (D7296918-1DD6-4BDD-9DE2-64A83CC13884): 0
LogDevObjectVersion:   Dev-LoadTimes (C2A15278-BFE7-4AFE-6C17-90FF531DF755): 1
LogDevObjectVersion:   Private-Geometry (6EACA3D4-40EC-4CC1-B786-8BED09428FC5): 1
LogDevObjectVersion:   Dev-AnimPhys (29E575DD-E0A3-4627-9D10-D276232CDCEA): 12
LogInit: Compiled (64-bit): Jan 12 2018 02:04:55
LogInit: Compiled with Visual C++: 19.00.24215.01
LogInit: Build Configuration: Development
LogInit: Branch Name: ++UE4+Release-4.18
LogInit: Command line: -EpicPortal 
LogInit: Base directory: C:/Program Files/Epic Games/UE_4.18/Engine/Binaries/Win64/
LogInit: Installed Engine Build: 1
LogInit: Presizing for max 8388607 objects, including 0 objects not considered by GC, pre-allocating 0 bytes for permanent pool.
LogInit: Object subsystem initialized
[2018.08.30-00.42.26:249][  0]LogInit: Selected Device Profile: [Windows]
[2018.08.30-00.42.26:249][  0]LogInit: Applying CVar settings loaded from the selected device profile: [Windows]
[2018.08.30-00.42.26:259][  0]LogInit: Computer: eae-n-017
[2018.08.30-00.42.26:259][  0]LogInit: User: u0342201
[2018.08.30-00.42.26:259][  0]LogInit: CPU Page size=4096, Cores=4
[2018.08.30-00.42.26:259][  0]LogInit: High frequency timer resolution =3.023440 MHz
[2018.08.30-00.42.26:260][  0]LogMemory: Memory total: Physical=15.9GB (16GB approx)
[2018.08.30-00.42.26:260][  0]LogMemory: Platform Memory Stats for Windows
[2018.08.30-00.42.26:260][  0]LogMemory: Process Physical Memory: 272.20 MB used, 272.20 MB peak
[2018.08.30-00.42.26:260][  0]LogMemory: Process Virtual Memory: 269.88 MB used, 269.88 MB peak
[2018.08.30-00.42.26:260][  0]LogMemory: Physical Memory: 7605.81 MB used,  8697.39 MB free, 16303.20 MB total
[2018.08.30-00.42.26:260][  0]LogMemory: Virtual Memory: 4775.34 MB used,  8697.39 MB free, 134217728.00 MB total
[2018.08.30-00.42.26:431][  0]LogInit: Using OS detected language (en-US).
[2018.08.30-00.42.26:431][  0]LogInit: Using OS detected locale (en-US).
[2018.08.30-00.42.26:433][  0]LogTextLocalizationManager: No specific localization for 'en-US' exists, so the 'en' localization will be used.
[2018.08.30-00.42.26:785][  0]LogInit: Setting process to per monitor DPI aware
[2018.08.30-00.42.27:043][  0]LogD3D11RHI: D3D11 adapters:
[2018.08.30-00.42.27:076][  0]LogD3D11RHI:    0. 'Radeon RX Vega M GH Graphics' (Feature Level 11_0)
[2018.08.30-00.42.27:076][  0]LogD3D11RHI:       4042/0/8151 MB DedicatedVideo/DedicatedSystem/SharedSystem, Outputs:1, VendorId:0x1002
[2018.08.30-00.42.27:099][  0]LogD3D11RHI:    1. 'Intel(R) HD Graphics 630' (Feature Level 11_0)
[2018.08.30-00.42.27:099][  0]LogD3D11RHI:       128/0/8151 MB DedicatedVideo/DedicatedSystem/SharedSystem, Outputs:0, VendorId:0x8086
[2018.08.30-00.42.27:101][  0]LogD3D11RHI:    2. 'Microsoft Basic Render Driver' (Feature Level 11_0)
[2018.08.30-00.42.27:101][  0]LogD3D11RHI:       0/0/8151 MB DedicatedVideo/DedicatedSystem/SharedSystem, Outputs:0, VendorId:0x1414
[2018.08.30-00.42.27:101][  0]LogD3D11RHI: Chosen D3D11 Adapter: 0
[2018.08.30-00.42.27:108][  0]LogD3D11RHI: Creating new Direct3DDevice
[2018.08.30-00.42.27:108][  0]LogD3D11RHI:     GPU DeviceId: 0x694c (for the marketing name, search the web for "GPU Device Id")
[2018.08.30-00.42.27:108][  0]LogWindows: EnumDisplayDevices:
[2018.08.30-00.42.27:108][  0]LogWindows:    0. 'Radeon RX Vega M GH Graphics' (P:1 D:1)
[2018.08.30-00.42.27:108][  0]LogWindows:    1. 'Radeon RX Vega M GH Graphics' (P:0 D:0)
[2018.08.30-00.42.27:108][  0]LogWindows:    2. 'Radeon RX Vega M GH Graphics' (P:0 D:0)
[2018.08.30-00.42.27:108][  0]LogWindows:    3. 'Radeon RX Vega M GH Graphics' (P:0 D:0)
[2018.08.30-00.42.27:109][  0]LogWindows:    4. 'Radeon RX Vega M GH Graphics' (P:0 D:0)
[2018.08.30-00.42.27:109][  0]LogWindows:    5. 'Radeon RX Vega M GH Graphics' (P:0 D:0)
[2018.08.30-00.42.27:109][  0]LogWindows:    6. 'Radeon RX Vega M GH Graphics' (P:0 D:0)
[2018.08.30-00.42.27:109][  0]LogWindows:    7. 'Radeon RX Vega M GH Graphics' (P:0 D:0)
[2018.08.30-00.42.27:109][  0]LogWindows:    8. 'Radeon RX Vega M GH Graphics' (P:0 D:0)
[2018.08.30-00.42.27:109][  0]LogWindows:    9. 'Radeon RX Vega M GH Graphics' (P:0 D:0)
[2018.08.30-00.42.27:109][  0]LogWindows:    10. 'Radeon RX Vega M GH Graphics' (P:0 D:0)
[2018.08.30-00.42.27:109][  0]LogWindows:    11. 'Radeon RX Vega M GH Graphics' (P:0 D:0)
[2018.08.30-00.42.27:110][  0]LogWindows:    12. 'Radeon RX Vega M GH Graphics' (P:0 D:0)
[2018.08.30-00.42.27:110][  0]LogWindows:    13. 'Radeon RX Vega M GH Graphics' (P:0 D:0)
[2018.08.30-00.42.27:110][  0]LogWindows:    14. 'Radeon RX Vega M GH Graphics' (P:0 D:0)
[2018.08.30-00.42.27:110][  0]LogWindows:    15. 'Radeon RX Vega M GH Graphics' (P:0 D:0)
[2018.08.30-00.42.27:110][  0]LogWindows:    16. 'Intel(R) HD Graphics 630' (P:0 D:0)
[2018.08.30-00.42.27:110][  0]LogWindows:    17. 'Intel(R) HD Graphics 630' (P:0 D:0)
[2018.08.30-00.42.27:110][  0]LogWindows: DebugString: GetVideoDriverDetailsInvalid PrimaryIsNotTheChoosenAdapter GetVideoDriverDetailsInvalid PrimaryIsNotTheChoosenAdapter GetVideoDriverDetailsInvalid PrimaryIsNotTheChoosenAdapter GetVideoDriverDetailsInvalid PrimaryIsNotTheChoosenAdapter GetVideoDriverDetailsInvalid PrimaryIsNotTheChoosenAdapter GetVideoDriverDetailsInvalid PrimaryIsNotTheChoosenAdapter GetVideoDriverDetailsInvalid PrimaryIsNotTheChoosenAdapter GetVideoDriverDetailsInvalid PrimaryIsNotTheChoosenAdapter GetVideoDriverDetailsInvalid PrimaryIsNotTheChoosenAdapter GetVideoDriverDetailsInvalid PrimaryIsNotTheChoosenAdapter GetVideoDriverDetailsInvalid PrimaryIsNotTheChoosenAdapter GetVideoDriverDetailsInvalid PrimaryIsNotTheChoosenAdapter GetVideoDriverDetailsInvalid PrimaryIsNotTheChoosenAdapter GetVideoDriverDetailsInvalid PrimaryIsNotTheChoosenAdapter GetVideoDriverDetailsInvalid PrimaryIsNotTheChoosenAdapter GetVideoDriverDetailsInvalid PrimaryIsNotTheChoosenAdapter GetVideoDriverDetailsInvalid PrimaryIsNotTheChoosenAdapter GetVideoDriverDetailsInvalid PrimaryIsNotTheChoosenAdapter FoundDriverCount:0 
[2018.08.30-00.42.27:110][  0]LogD3D11RHI:     Adapter Name: Radeon RX Vega M GH Graphics
[2018.08.30-00.42.27:110][  0]LogD3D11RHI:   Driver Version: Unknown (internal:Unknown, unified:Unknown)
[2018.08.30-00.42.27:110][  0]LogD3D11RHI:      Driver Date: Unknown
[2018.08.30-00.42.27:110][  0]LogRHI: Texture pool is 2829 MB (70% of 4042 MB)
[2018.08.30-00.42.27:258][  0]LogD3D11RHI: Async texture creation enabled
[2018.08.30-00.42.27:269][  0]LogD3D11RHI: GPU Timing Frequency: 25.000000 (Debug: 2 1)
[2018.08.30-00.42.27:270][  0]LogShaderCompilers: Guid format shader working directory is -22 characters bigger than the processId version (../../../../../../Users/u0342201/Documents/Unreal Projects/AR_ap_2_003/Intermediate/Shaders/WorkingDirectory/17320/).
[2018.08.30-00.42.27:270][  0]LogShaderCompilers: Cleaned the shader compiler working directory 'C:/Users/u0342201/AppData/Local/Temp/UnrealShaderWorkingDir/894164734C27FDBC6BE0889AFC56CDAA/'.
[2018.08.30-00.42.27:270][  0]LogShaderCompilers: Display: Using Local Shader Compiler.
[2018.08.30-00.42.28:070][  0]LogTemp: Display: Loaded TP AllDesktopTargetPlatform
[2018.08.30-00.42.28:128][  0]LogTemp: Display: Loaded TP MacClientTargetPlatform
[2018.08.30-00.42.28:195][  0]LogTemp: Display: Loaded TP MacNoEditorTargetPlatform
[2018.08.30-00.42.28:253][  0]LogTemp: Display: Loaded TP MacServerTargetPlatform
[2018.08.30-00.42.28:311][  0]LogTemp: Display: Loaded TP MacTargetPlatform
[2018.08.30-00.42.28:370][  0]LogTemp: Display: Loaded TP WindowsClientTargetPlatform
[2018.08.30-00.42.28:430][  0]LogTemp: Display: Loaded TP WindowsNoEditorTargetPlatform
[2018.08.30-00.42.28:486][  0]LogTemp: Display: Loaded TP WindowsServerTargetPlatform
[2018.08.30-00.42.28:540][  0]LogTemp: Display: Loaded TP WindowsTargetPlatform
[2018.08.30-00.42.28:597][  0]LogTemp: Display: Loaded TP Android_ASTCTargetPlatform
[2018.08.30-00.42.28:656][  0]LogTemp: Display: Loaded TP Android_ATCTargetPlatform
[2018.08.30-00.42.28:713][  0]LogTemp: Display: Loaded TP Android_DXTTargetPlatform
[2018.08.30-00.42.28:770][  0]LogTemp: Display: Loaded TP Android_ETC1TargetPlatform
[2018.08.30-00.42.28:827][  0]LogTemp: Display: Loaded TP Android_ETC2TargetPlatform
[2018.08.30-00.42.28:937][  0]LogTemp: Display: Loaded TP Android_MultiTargetPlatform
[2018.08.30-00.42.28:937][  0]LogTemp: Display: Loaded TP Android_PVRTCTargetPlatform
[2018.08.30-00.42.28:995][  0]LogTemp: Display: Loaded TP AndroidTargetPlatform
[2018.08.30-00.42.29:042][  0]LogTemp: Display: Loaded TP HTML5TargetPlatform
[2018.08.30-00.42.29:144][  0]LogTemp: Display: Loaded TP IOSTargetPlatform
[2018.08.30-00.42.29:173][  0]LogTemp: Display: Loaded TP TVOSTargetPlatform
[2018.08.30-00.42.29:230][  0]LogTemp: Display: Loaded TP LinuxClientTargetPlatform
[2018.08.30-00.42.29:287][  0]LogTemp: Display: Loaded TP LinuxNoEditorTargetPlatform
[2018.08.30-00.42.29:343][  0]LogTemp: Display: Loaded TP LinuxServerTargetPlatform
[2018.08.30-00.42.29:404][  0]LogTemp: Display: Loaded TP LinuxTargetPlatform
[2018.08.30-00.42.29:404][  0]LogTargetPlatformManager: Display: Building Assets For Windows
[2018.08.30-00.42.29:966][  0]LogDerivedDataCache: Display: Max Cache Size: 512 MB
[2018.08.30-00.42.30:029][  0]LogDerivedDataCache: Loaded boot cache 0.06s 69MB C:/Users/u0342201/AppData/Local/UnrealEngine/4.18/DerivedDataCache/Boot.ddc.
[2018.08.30-00.42.30:029][  0]LogDerivedDataCache: Display: Loaded Boot cache: C:/Users/u0342201/AppData/Local/UnrealEngine/4.18/DerivedDataCache/Boot.ddc
[2018.08.30-00.42.30:029][  0]LogDerivedDataCache: FDerivedDataBackendGraph:  Pak pak cache file ../../../../../../Users/u0342201/Documents/Unreal Projects/AR_ap_2_003/DerivedDataCache/DDC.ddp not found, will not use a pak cache.
[2018.08.30-00.42.30:029][  0]LogDerivedDataCache: Unable to find inner node Pak for hierarchical cache Hierarchy.
[2018.08.30-00.42.30:029][  0]LogDerivedDataCache: FDerivedDataBackendGraph:  CompressedPak pak cache file ../../../../../../Users/u0342201/Documents/Unreal Projects/AR_ap_2_003/DerivedDataCache/Compressed.ddp not found, will not use a pak cache.
[2018.08.30-00.42.30:029][  0]LogDerivedDataCache: Unable to find inner node CompressedPak for hierarchical cache Hierarchy.
[2018.08.30-00.42.30:042][  0]LogDerivedDataCache: Display: Pak cache opened for reading ../../../Engine/DerivedDataCache/Compressed.ddp.
[2018.08.30-00.42.30:055][  0]LogDerivedDataCache: Using Local data cache path C:/Users/u0342201/AppData/Local/UnrealEngine/Common/DerivedDataCache: Writable
[2018.08.30-00.42.30:064][  0]LogMaterial: Verifying Global Shaders for PCD3D_SM5
[2018.08.30-00.42.30:064][  0]LogSlate: Using Freetype 2.6.0
[2018.08.30-00.42.30:065][  0]LogSlate: SlateFontCache - WITH_FREETYPE: 1, WITH_HARFBUZZ: 1
[2018.08.30-00.42.30:065][  0]LogSlate: SlateFontCache - WITH_FREETYPE: 1, WITH_HARFBUZZ: 1
[2018.08.30-00.42.30:378][  0]LogInit: Selected Device Profile: [Windows]
[2018.08.30-00.42.30:743][  0]LogSimplygon: Simplygon DLL not present - disabling.
[2018.08.30-00.42.30:793][  0]LogMeshReduction: Using SimplygonSwarm for distributed automatic mesh merging
[2018.08.30-00.42.30:793][  0]LogMeshReduction: Using QuadricMeshReduction for automatic static mesh reduction
[2018.08.30-00.42.30:793][  0]LogMeshReduction: No automatic skeletal mesh reduction module available
[2018.08.30-00.42.30:793][  0]LogMeshReduction: No automatic mesh merging module available
[2018.08.30-00.42.30:793][  0]LogMeshMerging: No automatic mesh merging module available
[2018.08.30-00.42.30:823][  0]LogNetVersion: AR_ap_2_003 , NetCL: 3709383, EngineNetVer: 2, GameNetVer: 0 (Checksum: 2909767101)
[2018.08.30-00.42.30:998][  0]LogAssetRegistry: FAssetRegistry took 0.0250 seconds to start up
[2018.08.30-00.42.31:512][  0]LogPackageLocalizationCache: Processed 7 localized package path(s) for 2 prioritized culture(s) in 0.052242 seconds
[2018.08.30-00.42.31:517][  0]LogUObjectArray: 35870 objects as part of root set at end of initial load.
[2018.08.30-00.42.31:517][  0]LogUObjectAllocator: 7363696 out of 0 bytes used by permanent object pool.
[2018.08.30-00.42.31:517][  0]LogUObjectArray: CloseDisregardForGC: 0/0 objects in disregard for GC pool
[2018.08.30-00.42.31:599][  0]LogInit: WinSock: version 1.1 (2.2), MaxSocks=32767, MaxUdp=65467
[2018.08.30-00.42.34:714][  0]LogTcpMessaging: Initializing TcpMessaging bridge
[2018.08.30-00.42.34:768][  0]LogUdpMessaging: Initializing bridge on interface 0.0.0.0:0 to multicast group 230.0.0.1:6666.
[2018.08.30-00.42.35:559][  0]LogMaterial: Uniform references updated for custom material expression Custom.
[2018.08.30-00.42.35:575][  0]LogMaterial: Missing cached shader map for material Metallic, compiling. 
[2018.08.30-00.42.35:592][  0]LogMaterial: Missing cached shader map for material Opacity, compiling. 
[2018.08.30-00.42.35:606][  0]LogMaterial: Missing cached shader map for material Roughness, compiling. 
[2018.08.30-00.42.35:615][  0]LogMaterial: Missing cached shader map for material SceneColor, compiling. 
[2018.08.30-00.42.35:627][  0]LogMaterial: Missing cached shader map for material SceneDepth, compiling. 
[2018.08.30-00.42.35:639][  0]LogMaterial: Missing cached shader map for material SeparateTranslucencyRGB, compiling. 
[2018.08.30-00.42.35:652][  0]LogMaterial: Missing cached shader map for material SeparateTranslucencyA, compiling. 
[2018.08.30-00.42.35:667][  0]LogMaterial: Missing cached shader map for material Specular, compiling. 
[2018.08.30-00.42.35:681][  0]LogMaterial: Missing cached shader map for material SubsurfaceColor, compiling. 
[2018.08.30-00.42.35:695][  0]LogMaterial: Missing cached shader map for material WorldNormal, compiling. 
[2018.08.30-00.42.35:706][  0]LogMaterial: Missing cached shader map for material AmbientOcclusion, compiling. 
[2018.08.30-00.42.35:728][  0]LogMaterial: Missing cached shader map for material CustomDepthWorldUnits, compiling. 
[2018.08.30-00.42.35:742][  0]LogMaterial: Missing cached shader map for material SceneDepthWorldUnits, compiling. 
[2018.08.30-00.42.35:752][  0]LogMaterial: Missing cached shader map for material PreTonemapHDRColor, compiling. 
[2018.08.30-00.42.35:761][  0]LogMaterial: Missing cached shader map for material PostTonemapHDRColor, compiling. 
[2018.08.30-00.42.36:408][  0]SourceControl: Source control is disabled
[2018.08.30-00.42.36:408][  0]SourceControl: Source control is disabled
[2018.08.30-00.42.36:508][  0]SourceControl: Source control is disabled
[2018.08.30-00.42.36:611][  0]SourceControl: Source control is disabled
[2018.08.30-00.42.37:641][  0]LogMaterial: Missing cached shader map for material DefaultMediaPlaneMaterial, compiling. 
[2018.08.30-00.42.38:175][  0]LogAndroidPermission: UAndroidPermissionCallbackProxy::GetInstance
[2018.08.30-00.42.38:698][  0]LogOcInput: OculusInput pre-init called
[2018.08.30-00.42.39:137][  0]LogMaterial: Missing cached shader map for material HighResScreenshot, compiling. 
[2018.08.30-00.42.39:158][  0]LogMaterial: Missing cached shader map for material HighResScreenshotMask, compiling. 
[2018.08.30-00.42.39:182][  0]LogMaterial: Missing cached shader map for material HighResScreenshotCaptureRegion, compiling. 
[2018.08.30-00.42.39:258][  0]LogEngine: Initializing Engine...
[2018.08.30-00.42.39:262][  0]LogHMD: Failed to initialize OpenVR with code 110
[2018.08.30-00.42.39:267][  0]LogMaterial: Missing cached shader map for material WireframeMaterial, compiling. Is special engine material.
[2018.08.30-00.42.39:621][  0]LogMaterial: Missing cached shader map for material LevelColorationLitMaterial, compiling. Is special engine material.
[2018.08.30-00.42.40:599][  0]LogMaterial: Missing cached shader map for material LevelColorationUnlitMaterial, compiling. Is special engine material.
[2018.08.30-00.42.40:871][  0]LogMaterial: Missing cached shader map for material MAT_LevelColorationLitLightmapUV, compiling. Is special engine material.
[2018.08.30-00.42.41:745][  0]LogMaterial: Missing cached shader map for material ShadedLevelColorationLitMaterial, compiling. Is special engine material.
[2018.08.30-00.42.42:654][  0]LogMaterial: Missing cached shader map for material ShadedLevelColorationUnlitMateri, compiling. Is special engine material.
[2018.08.30-00.42.42:929][  0]LogMaterial: Missing cached shader map for material VertexColorMaterial, compiling. 
[2018.08.30-00.42.43:065][  0]LogMaterial: Missing cached shader map for material VertexColorViewMode_ColorOnly, compiling. 
[2018.08.30-00.42.43:101][  0]LogMaterial: Missing cached shader map for material VertexColorViewMode_AlphaAsColor, compiling. 
[2018.08.30-00.42.43:128][  0]LogMaterial: Missing cached shader map for material VertexColorViewMode_RedOnly, compiling. 
[2018.08.30-00.42.43:152][  0]LogMaterial: Missing cached shader map for material VertexColorViewMode_GreenOnly, compiling. 
[2018.08.30-00.42.43:175][  0]LogMaterial: Missing cached shader map for material VertexColorViewMode_BlueOnly, compiling. 
[2018.08.30-00.42.43:199][  0]LogMaterial: Missing cached shader map for material RemoveSurfaceMaterial, compiling. 
[2018.08.30-00.42.43:209][  0]LogMaterial: Missing cached shader map for material DebugMeshMaterial, compiling. 
[2018.08.30-00.42.43:234][  0]LogMaterial: Missing cached shader map for material M_InvalidLightmapSettings, compiling. 
[2018.08.30-00.42.43:300][  0]LogMaterial: Missing cached shader map for material GizmoMaterial, compiling. 
[2018.08.30-00.42.43:329][  0]LogMaterial: Missing cached shader map for material PhAT_JointLimitMaterial, compiling. 
[2018.08.30-00.42.43:372][  0]LogMaterial: Missing cached shader map for material GeomMaterial, compiling. 
[2018.08.30-00.42.43:392][  0]LogMaterial: Missing cached shader map for material EditorBrushMaterial, compiling. 
[2018.08.30-00.42.43:415][  0]LogMaterial: Missing cached shader map for material BoneWeightMaterial, compiling. 
[2018.08.30-00.42.43:546][  0]LogMaterial: Missing cached shader map for material ClothMaterial, compiling. 
[2018.08.30-00.42.43:568][  0]LogMaterial: Missing cached shader map for material ClothMaterial_WF, compiling. 
[2018.08.30-00.42.43:598][  0]LogMaterial: Missing cached shader map for material DebugEditorMaterial, compiling. 
[2018.08.30-00.42.43:624][  0]LogMaterial: Missing cached shader map for material PreviewShadowIndicatorMaterial, compiling. 
[2018.08.30-00.42.43:768][  0]LogStats: UGameplayTagsManager::ConstructGameplayTagTree: Construct from data asset -  0.000 s
[2018.08.30-00.42.43:768][  0]LogStats: UGameplayTagsManager::ConstructGameplayTagTree: GameplayTagTreeChangedEvent.Broadcast -  0.000 s
[2018.08.30-00.42.44:028][  0]LogAIModule: Creating AISystem for world Untitled
[2018.08.30-00.42.44:056][  0]LogInit: XAudio2 using '6 - DELL UZ2315H (AMD High Definition Audio Device)' : 2 channels at 48 kHz using 16 bits per sample (channel mask 0x3)
[2018.08.30-00.42.44:096][  0]LogInit: FAudioDevice initialized.
[2018.08.30-00.42.44:202][  0]LogDerivedDataCache: Saved boot cache 0.11s 71MB C:/Users/u0342201/AppData/Local/UnrealEngine/4.18/DerivedDataCache/Boot.ddc.
[2018.08.30-00.42.44:234][  0]LogInit: Texture streaming: Enabled
[2018.08.30-00.42.44:443][  0]LogEngineSessionManager: EngineSessionManager initialized
[2018.08.30-00.42.44:710][  0]LogInit: Transaction tracking system initialized
[2018.08.30-00.42.45:343][  0]BlueprintLog: New page: Editor Load
[2018.08.30-00.42.47:275][  0]LocalizationService: Localization service is disabled
[2018.08.30-00.42.48:835][  0]LogConsoleResponse: Display: 
[2018.08.30-00.42.48:895][  0]LogMaterial: Missing cached shader map for material Cross_Mat, compiling. 
[2018.08.30-00.42.48:923][  0]LogMaterial: Missing cached shader map for material PhAT_BoneSelectedMaterial, compiling. 
[2018.08.30-00.42.48:944][  0]LogMaterial: Missing cached shader map for material PhAT_ElemSelectedMaterial, compiling. 
[2018.08.30-00.42.48:968][  0]LogMaterial: Missing cached shader map for material PhAT_NoCollisionMaterial, compiling. 
[2018.08.30-00.42.48:990][  0]LogMaterial: Missing cached shader map for material PhAT_UnselectedMaterial, compiling. 
[2018.08.30-00.42.49:016][  0]LogMaterial: Missing cached shader map for material Tick_Mat, compiling. 
[2018.08.30-00.42.49:058][  0]LogMaterial: Missing cached shader map for material WidgetGridVertexColorMaterial_Ma, compiling. 
[2018.08.30-00.42.49:085][  0]LogMaterial: Missing cached shader map for material WidgetMaterial, compiling. 
[2018.08.30-00.42.49:109][  0]LogMaterial: Missing cached shader map for material WidgetMaterial_Current, compiling. 
[2018.08.30-00.42.49:131][  0]LogMaterial: Missing cached shader map for material WidgetMaterial_X, compiling. 
[2018.08.30-00.42.49:154][  0]LogMaterial: Missing cached shader map for material WidgetMaterial_Y, compiling. 
[2018.08.30-00.42.49:175][  0]LogMaterial: Missing cached shader map for material WidgetMaterial_Z, compiling. 
[2018.08.30-00.42.49:196][  0]LogMaterial: Missing cached shader map for material WidgetVertexColorMaterial, compiling. 
[2018.08.30-00.42.49:261][  0]LogMaterial: Missing cached shader map for material LevelGridMaterial, compiling. 
[2018.08.30-00.42.49:334][  0]LogMaterial: Missing cached shader map for material BlinkingCaret, compiling. 
[2018.08.30-00.42.49:387][  0]LogMaterial: Missing cached shader map for material M_StreamingPause, compiling. 
[2018.08.30-00.42.49:432][  0]LogCook: Display: Max memory allowance for cook 16384mb min free memory 0mb
[2018.08.30-00.42.49:433][  0]LogCook: Display: Mobile HDR setting 1
[2018.08.30-00.42.49:433][  0]LogGameplayTags: Display: UGameplayTagsManager::DoneAddingNativeTags. DelegateIsBound: 0
[2018.08.30-00.42.49:761][  0]LogFileCache: Scanning file cache for directory 'C:/Users/u0342201/Documents/Unreal Projects/AR_ap_2_003/Content/' took 0.01s
[2018.08.30-00.42.51:834][  0]SourceControl: Source control is disabled
[2018.08.30-00.42.51:834][  0]Cmd: MAP LOAD FILE="../../../../../../Users/u0342201/Documents/Unreal Projects/AR_ap_2_003/Content/ThirdPersonBP/Maps/ThirdPersonExampleMap.umap" TEMPLATE=0 SHOWPROGRESS=1 FEATURELEVEL=3
[2018.08.30-00.42.51:835][  0]LightingResults: New page: Lighting Build
[2018.08.30-00.42.51:927][  0]MapCheck: New page: Map Check
[2018.08.30-00.42.51:927][  0]LightingResults: New page: Lighting Build
[2018.08.30-00.42.52:344][  0]LogMaterial: Missing cached shader map for material M_UE4Man_Body, compiling. 
[2018.08.30-00.42.52:517][  0]LogMaterial: Missing cached shader map for material M_UE4Man_Body, compiling. 
[2018.08.30-00.42.52:689][  0]LogMaterial: Missing cached shader map for material RampMaterial, compiling. 
[2018.08.30-00.42.52:737][  0]LogMaterial: Missing cached shader map for material M_Sky_Panning_Clouds2, compiling. 
[2018.08.30-00.42.52:796][  0]LogMaterial: Missing cached shader map for material CubeMaterial, compiling. 
[2018.08.30-00.42.52:942][  0]LogAIModule: Creating AISystem for world ThirdPersonExampleMap
[2018.08.30-00.42.53:094][  0]LogEditorServer: Finished looking for orphan Actors (0.000 secs)
[2018.08.30-00.42.53:112][  0]Cmd: MAP CHECKDEP NOCLEARLOG
[2018.08.30-00.42.53:195][  0]MapCheck: Map check complete: 0 Error(s), 0 Warning(s), took 83.245ms to complete.
[2018.08.30-00.42.53:196][  0]LogFileHelpers: Loading map 'ThirdPersonExampleMap' took 1.362
[2018.08.30-00.42.53:470][  0]LogCollectionManager: Loaded 0 collections in 0.002467 seconds
[2018.08.30-00.42.53:619][  0]LogFileCache: Scanning file cache for directory 'C:/Users/u0342201/Documents/Unreal Projects/AR_ap_2_003/Saved/Collections/' took 0.01s
[2018.08.30-00.42.53:619][  0]LogFileCache: Scanning file cache for directory 'C:/Users/u0342201/Documents/Unreal Projects/AR_ap_2_003/Content/Developers/u0342201/Collections/' took 0.01s
[2018.08.30-00.42.53:619][  0]LogFileCache: Scanning file cache for directory 'C:/Users/u0342201/Documents/Unreal Projects/AR_ap_2_003/Content/Collections/' took 0.01s
[2018.08.30-00.42.53:619][  0]LogCollectionManager: Rebuilt the GUID cache for 0 collections in 0.000001 seconds
[2018.08.30-00.42.53:636][  0]LogContentBrowser: Native class hierarchy populated in 0.0155 seconds. Added 2363 classes and 519 folders.
[2018.08.30-00.42.53:775][  0]LogContentBrowser: Native class hierarchy updated for 'WidgetCarousel' in 0.0003 seconds. Added 0 classes and 0 folders.
[2018.08.30-00.42.53:827][  0]LogContentBrowser: Native class hierarchy updated for 'AddContentDialog' in 0.0003 seconds. Added 0 classes and 0 folders.
[2018.08.30-00.42.53:926][  0]LogContentBrowser: Native class hierarchy updated for 'SceneOutliner' in 0.0006 seconds. Added 1 classes and 2 folders.
[2018.08.30-00.42.54:010][  0]LogSlate: Took 0.000218 seconds to synchronously load lazily loaded font '../../../Engine/Content/Slate/Fonts/Roboto-Regular.ttf' (155K)
[2018.08.30-00.42.54:012][  0]LogSlate: Took 0.000279 seconds to synchronously load lazily loaded font '../../../Engine/Content/Slate/Fonts/Roboto-Bold.ttf' (160K)
[2018.08.30-00.42.54:030][  0]LogSlate: Took 0.008360 seconds to synchronously load lazily loaded font '../../../Engine/Content/Editor/Slate/Fonts/FontAwesome.ttf' (139K)
[2018.08.30-00.42.54:141][  0]LogMaterial: Missing cached shader map for material LevelGridMaterial2, compiling. 
[2018.08.30-00.42.54:236][  0]LogRenderer: Reallocating scene render targets to support 1208x576 Format 10 NumSamples 1 (Frame:1).
[2018.08.30-00.42.54:752][  0]LogContentBrowser: Native class hierarchy updated for 'HierarchicalLODOutliner' in 0.0003 seconds. Added 1 classes and 2 folders.
[2018.08.30-00.42.54:752][  0]LogLoad: (Engine Initialization) Total time: 31.35 seconds
[2018.08.30-00.42.54:752][  0]LogLoad: (Engine Initialization) Total Blueprint compile time: 0.00 seconds
[2018.08.30-00.42.54:752][  0]LogExternalProfiler: Found external profiler: VSPerf
[2018.08.30-00.42.54:752][  0]LogExternalProfiler: Using external profiler: VSPerf
[2018.08.30-00.42.54:762][  0]LogWindowsTextInputMethodSystem: Display: IME system now deactivated.
[2018.08.30-00.42.54:795][  0]LogContentStreaming: Texture pool size now 1000 MB
[2018.08.30-00.42.54:858][  0]LogSlate: Took 0.000231 seconds to synchronously load lazily loaded font '../../../Engine/Content/Slate/Fonts/Roboto-Light.ttf' (159K)
[2018.08.30-00.42.54:882][  1]LogAssetRegistry: Asset discovery search completed in 23.9060 seconds
[2018.08.30-00.42.54:885][  1]LogCollectionManager: Rebuilt the object cache for 0 collections in 0.000001 seconds (found 0 objects)
[2018.08.30-00.42.54:885][  1]LogCollectionManager: Fixed up redirectors for 0 collections in 0.000130 seconds (updated 0 objects)
[2018.08.30-00.42.55:897][ 82]LogEditorViewport: Clicking on Actor (LMB): StaticMeshActor (CubeMesh)
[2018.08.30-00.42.57:091][144]Cmd: DELETE
[2018.08.30-00.42.57:091][144]Cmd: ACTOR DELETE
[2018.08.30-00.42.57:111][144]LogEditorActor: Deleted Actor: StaticMeshActor
[2018.08.30-00.42.57:122][144]LogEditorActor: Deleted 1 Actors (0.027 secs)
[2018.08.30-00.42.57:529][177]LogEditorViewport: Clicking on Actor (LMB): StaticMeshActor (LeftArm_StaticMesh)
[2018.08.30-00.42.57:722][184]Cmd: DELETE
[2018.08.30-00.42.57:722][184]Cmd: ACTOR DELETE
[2018.08.30-00.42.57:725][184]LogEditorActor: Deleted Actor: StaticMeshActor
[2018.08.30-00.42.57:735][184]LogEditorActor: Deleted 1 Actors (0.013 secs)
[2018.08.30-00.42.57:946][203]LogEditorViewport: Clicking on Actor (LMB): StaticMeshActor (Ramp_StaticMesh)
[2018.08.30-00.42.58:080][208]Cmd: DELETE
[2018.08.30-00.42.58:080][208]Cmd: ACTOR DELETE
[2018.08.30-00.42.58:082][208]LogEditorActor: Deleted Actor: StaticMeshActor
[2018.08.30-00.42.58:092][208]LogEditorActor: Deleted 1 Actors (0.011 secs)
[2018.08.30-00.42.58:378][233]LogEditorViewport: Clicking on Actor (LMB): StaticMeshActor (Bump_StaticMesh)
[2018.08.30-00.42.58:500][236]Cmd: DELETE
[2018.08.30-00.42.58:500][236]Cmd: ACTOR DELETE
[2018.08.30-00.42.58:502][236]LogEditorActor: Deleted Actor: StaticMeshActor
[2018.08.30-00.42.58:517][236]LogEditorActor: Deleted 1 Actors (0.017 secs)
[2018.08.30-00.42.58:814][262]LogEditorViewport: Clicking on Actor (LMB): StaticMeshActor (RightArm_StaticMesh)
[2018.08.30-00.42.58:982][269]Cmd: DELETE
[2018.08.30-00.42.58:982][269]Cmd: ACTOR DELETE
[2018.08.30-00.42.58:985][269]LogEditorActor: Deleted Actor: StaticMeshActor
[2018.08.30-00.42.58:997][269]LogEditorActor: Deleted 1 Actors (0.014 secs)
[2018.08.30-00.42.59:351][300]LogEditorViewport: Clicking on Actor (LMB): StaticMeshActor (Linear_Stair_StaticMesh)
[2018.08.30-00.42.59:495][307]Cmd: DELETE
[2018.08.30-00.42.59:496][307]Cmd: ACTOR DELETE
[2018.08.30-00.42.59:498][307]LogEditorActor: Deleted Actor: StaticMeshActor
[2018.08.30-00.42.59:505][307]LogEditorActor: Deleted 1 Actors (0.010 secs)
[2018.08.30-00.42.59:963][348]LogEditorViewport: Clicking on Actor (LMB): StaticMeshActor (Wall7)
[2018.08.30-00.43.01:268][434]Cmd: DELETE
[2018.08.30-00.43.01:269][434]Cmd: ACTOR DELETE
[2018.08.30-00.43.01:271][434]LogEditorActor: Deleted Actor: StaticMeshActor
[2018.08.30-00.43.01:283][434]LogEditorActor: Deleted 1 Actors (0.014 secs)
[2018.08.30-00.43.02:013][497]LogEditorViewport: Clicking on Actor (LMB): StaticMeshActor (Wall9)
[2018.08.30-00.43.02:221][506]Cmd: DELETE
[2018.08.30-00.43.02:221][506]Cmd: ACTOR DELETE
[2018.08.30-00.43.02:224][506]LogEditorActor: Deleted Actor: StaticMeshActor
[2018.08.30-00.43.02:233][506]LogEditorActor: Deleted 1 Actors (0.012 secs)
[2018.08.30-00.43.02:764][551]LogEditorViewport: Clicking on Actor (LMB): StaticMeshActor (Wall11)
[2018.08.30-00.43.02:901][557]Cmd: DELETE
[2018.08.30-00.43.02:902][557]Cmd: ACTOR DELETE
[2018.08.30-00.43.02:904][557]LogEditorActor: Deleted Actor: StaticMeshActor
[2018.08.30-00.43.02:917][557]LogEditorActor: Deleted 1 Actors (0.016 secs)
[2018.08.30-00.43.03:477][608]LogEditorViewport: Clicking on Actor (LMB): StaticMeshActor (Wall10)
[2018.08.30-00.43.03:584][610]Cmd: DELETE
[2018.08.30-00.43.03:584][610]Cmd: ACTOR DELETE
[2018.08.30-00.43.03:586][610]LogEditorActor: Deleted Actor: StaticMeshActor
[2018.08.30-00.43.03:599][610]LogEditorActor: Deleted 1 Actors (0.015 secs)
[2018.08.30-00.43.03:959][641]LogEditorViewport: Clicking on Actor (LMB): BP_Sky_Sphere_C (SkySphereBlueprint)
[2018.08.30-00.43.04:136][648]Cmd: DELETE
[2018.08.30-00.43.04:136][648]Cmd: ACTOR DELETE
[2018.08.30-00.43.04:138][648]LogEditorActor: Deleted Actor: BP_Sky_Sphere_C
[2018.08.30-00.43.04:146][648]LogEditorActor: Deleted 1 Actors (0.010 secs)
[2018.08.30-00.43.27:411][653]Cmd: BRUSH ADD SELECTNEWBRUSH
[2018.08.30-00.43.46:867][146]LogEditorViewport: Clicking on Actor (LMB): StaticMeshActor (Floor)
[2018.08.30-00.43.49:560][342]Cmd: CAMERA ALIGN ACTIVEVIEWPORTONLY
[2018.08.30-00.43.53:035][628]Cmd: POLY SELECT ADJACENT ALL
[2018.08.30-00.44.05:683][556]LogSlate: Took 0.000298 seconds to synchronously load lazily loaded font '../../../Engine/Content/Slate/Fonts/Roboto-Light.ttf' (159K)
[2018.08.30-00.44.05:775][556]LogContentBrowser: Native class hierarchy updated for 'MaterialEditor' in 0.0003 seconds. Added 1 classes and 0 folders.
[2018.08.30-00.44.05:779][556]LogMaterial: Missing cached shader map for material M_WhiteBox_AP, compiling. 
[2018.08.30-00.44.06:126][556]LogMaterial: Missing cached shader map for material M_SkyBox, compiling. 
[2018.08.30-00.44.06:150][556]LogMaterial: Missing cached shader map for material GridMaterial, compiling. 
[2018.08.30-00.44.06:287][556]LogMaterial: Missing cached shader map for material M_WhiteBox_AP, compiling. 
[2018.08.30-00.44.06:350][556]LogSlate: Took 0.007095 seconds to synchronously load lazily loaded font '../../../Engine/Content/Editor/Slate/Fonts/Roboto-BoldCondensed.ttf' (158K)
[2018.08.30-00.44.12:611][900]LogMaterial: Missing cached shader map for material M_WhiteBox_AP, compiling. 
[2018.08.30-00.44.12:635][900]LogMaterial: Missing cached shader map for material FMatExpressionPreview MaterialExpressionConstant3Vector_0, compiling. 
[2018.08.30-00.44.14:377][993]MaterialEditorStats: Base pass shader: 99 instructions
[2018.08.30-00.44.14:377][993]MaterialEditorStats: Base pass shader with Volumetric Lightmap: 172 instructions
[2018.08.30-00.44.14:377][993]MaterialEditorStats: Vertex shader: 29 instructions
[2018.08.30-00.44.14:377][993]MaterialEditorStats: Texture samplers: 2/16
[2018.08.30-00.44.18:588][228]LogMaterial: Missing cached shader map for material M_WhiteBox_AP, compiling. 
[2018.08.30-00.44.18:617][228]LogMaterial: Missing cached shader map for material FMatExpressionPreview MaterialExpressionConstant3Vector_0, compiling. 
[2018.08.30-00.44.21:175][367]MaterialEditorStats: Base pass shader: 99 instructions
[2018.08.30-00.44.21:175][367]MaterialEditorStats: Base pass shader with Volumetric Lightmap: 172 instructions
[2018.08.30-00.44.21:175][367]MaterialEditorStats: Vertex shader: 29 instructions
[2018.08.30-00.44.21:175][367]MaterialEditorStats: Texture samplers: 2/16
[2018.08.30-00.44.22:627][447]LogMaterial: Missing cached shader map for material M_WhiteBox_AP, compiling. 
[2018.08.30-00.44.22:651][447]LogMaterial: Missing cached shader map for material FMatExpressionPreview MaterialExpressionConstant3Vector_0, compiling. 
[2018.08.30-00.44.24:036][521]LogMaterial: Missing cached shader map for material M_WhiteBox_AP, compiling. 
[2018.08.30-00.44.24:064][521]LogMaterial: Missing cached shader map for material FMatExpressionPreview MaterialExpressionConstant3Vector_0, compiling. 
[2018.08.30-00.44.25:383][591]LogMaterial: Missing cached shader map for material M_WhiteBox_AP, compiling. 
[2018.08.30-00.44.25:411][591]LogMaterial: Missing cached shader map for material FMatExpressionPreview MaterialExpressionConstant3Vector_0, compiling. 
[2018.08.30-00.44.26:573][651]MaterialEditorStats: Base pass shader: 99 instructions
[2018.08.30-00.44.26:573][651]MaterialEditorStats: Base pass shader with Volumetric Lightmap: 172 instructions
[2018.08.30-00.44.26:573][651]MaterialEditorStats: Vertex shader: 29 instructions
[2018.08.30-00.44.26:573][651]MaterialEditorStats: Texture samplers: 2/16
[2018.08.30-00.44.26:725][659]LogMaterial: Missing cached shader map for material M_WhiteBox_AP, compiling. 
[2018.08.30-00.44.26:749][659]LogMaterial: Missing cached shader map for material FMatExpressionPreview MaterialExpressionConstant3Vector_0, compiling. 
[2018.08.30-00.44.28:683][760]LogMaterial: Missing cached shader map for material M_WhiteBox_AP, compiling. 
[2018.08.30-00.44.28:709][760]LogMaterial: Missing cached shader map for material FMatExpressionPreview MaterialExpressionConstant3Vector_0, compiling. 
[2018.08.30-00.44.29:986][825]MaterialEditorStats: Base pass shader: 100 instructions
[2018.08.30-00.44.29:986][825]MaterialEditorStats: Base pass shader with Volumetric Lightmap: 173 instructions
[2018.08.30-00.44.29:986][825]MaterialEditorStats: Vertex shader: 29 instructions
[2018.08.30-00.44.29:986][825]MaterialEditorStats: Texture samplers: 2/16
[2018.08.30-00.44.32:830][981]LogMaterialEditor: Saving and Compiling material M_WhiteBox_AP
[2018.08.30-00.44.33:391][981]LogMaterial: Missing cached shader map for material M_WhiteBox_AP, compiling. 
[2018.08.30-00.44.33:459][981]LogMaterial: Missing cached shader map for material M_WhiteBox_AP, compiling. 
[2018.08.30-00.44.33:495][981]LogMaterial: Missing cached shader map for material M_WhiteBox_AP, compiling. 
[2018.08.30-00.44.33:539][981]LogMaterial: Missing cached shader map for material FDebugViewModeMaterialProxy M_WhiteBox_AP, compiling. 
[2018.08.30-00.44.35:037][981]TextureStreamingBuild: Display: Compiling optional shaders took 1.507 seconds.
